2002.08.24 10:05 B C:\Drew\phpBB-2.0.2\forums\templates\Appalachia\images\lang_english\icon_aim.gif --> black-cell.com /var/www/html/droshisisland/forums/templates/Appalachia/images/lang_english icon_aim.gif
2002.08.24 10:05 B C:\Drew\phpBB-2.0.2\forums\templates\Appalachia\images\lang_english\icon_edit.gif --> black-cell.com /var/www/html/droshisisland/forums/templates/Appalachia/images/lang_english icon_edit.gif
2002.08.24 10:05 B C:\Drew\phpBB-2.0.2\forums\templates\Appalachia\images\lang_english\icon_email.gif --> black-cell.com /var/www/html/droshisisland/forums/templates/Appalachia/images/lang_english icon_email.gif
2002.08.24 10:05 B C:\Drew\phpBB-2.0.2\forums\templates\Appalachia\images\lang_english\icon_icq_add.gif --> black-cell.com /var/www/html/droshisisland/forums/templates/Appalachia/images/lang_english icon_icq_add.gif
2002.08.24 10:05 B C:\Drew\phpBB-2.0.2\forums\templates\Appalachia\images\lang_english\icon_ip.gif --> black-cell.com /var/www/html/droshisisland/forums/templates/Appalachia/images/lang_english icon_ip.gif
2002.08.24 10:05 B C:\Drew\phpBB-2.0.2\forums\templates\Appalachia\images\lang_english\icon_msnm.gif --> black-cell.com /var/www/html/droshisisland/forums/templates/Appalachia/images/lang_english icon_msnm.gif
2002.08.24 10:05 B C:\Drew\phpBB-2.0.2\forums\templates\Appalachia\images\lang_english\icon_pm.gif --> black-cell.com /var/www/html/droshisisland/forums/templates/Appalachia/images/lang_english icon_pm.gif
2002.08.24 10:05 B C:\Drew\phpBB-2.0.2\forums\templates\Appalachia\images\lang_english\icon_profile.gif --> black-cell.com /var/www/html/droshisisland/forums/templates/Appalachia/images/lang_english icon_profile.gif
2002.08.24 10:05 B C:\Drew\phpBB-2.0.2\forums\templates\Appalachia\images\lang_english\icon_quote.gif --> black-cell.com /var/www/html/droshisisland/forums/templates/Appalachia/images/lang_english icon_quote.gif
2002.08.24 10:06 B C:\Drew\phpBB-2.0.2\forums\templates\Appalachia\images\lang_english\icon_search.gif --> black-cell.com /var/www/html/droshisisland/forums/templates/Appalachia/images/lang_english icon_search.gif
2002.08.24 10:06 B C:\Drew\phpBB-2.0.2\forums\templates\Appalachia\images\lang_english\icon_www.gif --> black-cell.com /var/www/html/droshisisland/forums/templates/Appalachia/images/lang_english icon_www.gif
2002.08.24 10:06 B C:\Drew\phpBB-2.0.2\forums\templates\Appalachia\images\lang_english\icon_yim.gif --> black-cell.com /var/www/html/droshisisland/forums/templates/Appalachia/images/lang_english icon_yim.gif
2002.08.24 10:06 B C:\Drew\phpBB-2.0.2\forums\templates\Appalachia\images\lang_english\msg_newpost.gif --> black-cell.com /var/www/html/droshisisland/forums/templates/Appalachia/images/lang_english msg_newpost.gif
2002.08.24 10:06 B C:\Drew\phpBB-2.0.2\forums\templates\Appalachia\images\lang_english\post.gif --> black-cell.com /var/www/html/droshisisland/forums/templates/Appalachia/images/lang_english post.gif
2002.08.24 10:06 B C:\Drew\phpBB-2.0.2\forums\templates\Appalachia\images\lang_english\reply-locked.gif --> black-cell.com /var/www/html/droshisisland/forums/templates/Appalachia/images/lang_english reply-locked.gif
2002.08.24 10:06 B C:\Drew\phpBB-2.0.2\forums\templates\Appalachia\images\lang_english\reply.gif --> black-cell.com /var/www/html/droshisisland/forums/templates/Appalachia/images/lang_english reply.gif
2002.08.24 11:24 B C:\Drew\phpBB-2.0.2\forums\templates\Appalachia\images\lang_english\icon_aim.gif --> ftp.members.lycos.co.uk /forums/templates/Appalachia/images/lang_english icon_aim.gif
2002.08.24 11:24 B C:\Drew\phpBB-2.0.2\forums\templates\Appalachia\images\lang_english\icon_edit.gif --> ftp.members.lycos.co.uk /forums/templates/Appalachia/images/lang_english icon_edit.gif
2002.08.24 11:24 B C:\Drew\phpBB-2.0.2\forums\templates\Appalachia\images\lang_english\icon_email.gif --> ftp.members.lycos.co.uk /forums/templates/Appalachia/images/lang_english icon_email.gif
2002.08.24 11:25 B C:\Drew\phpBB-2.0.2\forums\templates\Appalachia\images\lang_english\icon_icq_add.gif --> ftp.members.lycos.co.uk /forums/templates/Appalachia/images/lang_english icon_icq_add.gif
2002.08.24 11:25 B C:\Drew\phpBB-2.0.2\forums\templates\Appalachia\images\lang_english\icon_ip.gif --> ftp.members.lycos.co.uk /forums/templates/Appalachia/images/lang_english icon_ip.gif
2002.08.24 11:25 B C:\Drew\phpBB-2.0.2\forums\templates\Appalachia\images\lang_english\icon_msnm.gif --> ftp.members.lycos.co.uk /forums/templates/Appalachia/images/lang_english icon_msnm.gif
2002.08.24 11:25 B C:\Drew\phpBB-2.0.2\forums\templates\Appalachia\images\lang_english\icon_pm.gif --> ftp.members.lycos.co.uk /forums/templates/Appalachia/images/lang_english icon_pm.gif
2002.08.24 11:25 B C:\Drew\phpBB-2.0.2\forums\templates\Appalachia\images\lang_english\icon_profile.gif --> ftp.members.lycos.co.uk /forums/templates/Appalachia/images/lang_english icon_profile.gif
2002.08.24 11:25 B C:\Drew\phpBB-2.0.2\forums\templates\Appalachia\images\lang_english\icon_quote.gif --> ftp.members.lycos.co.uk /forums/templates/Appalachia/images/lang_english icon_quote.gif
2002.08.24 11:25 B C:\Drew\phpBB-2.0.2\forums\templates\Appalachia\images\lang_english\icon_search.gif --> ftp.members.lycos.co.uk /forums/templates/Appalachia/images/lang_english icon_search.gif
2002.08.24 11:25 B C:\Drew\phpBB-2.0.2\forums\templates\Appalachia\images\lang_english\icon_www.gif --> ftp.members.lycos.co.uk /forums/templates/Appalachia/images/lang_english icon_www.gif
2002.08.24 11:25 B C:\Drew\phpBB-2.0.2\forums\templates\Appalachia\images\lang_english\icon_yim.gif --> ftp.members.lycos.co.uk /forums/templates/Appalachia/images/lang_english icon_yim.gif
2002.08.24 11:25 B C:\Drew\phpBB-2.0.2\forums\templates\Appalachia\images\lang_english\msg_newpost.gif --> ftp.members.lycos.co.uk /forums/templates/Appalachia/images/lang_english msg_newpost.gif
2002.08.24 11:25 B C:\Drew\phpBB-2.0.2\forums\templates\Appalachia\images\lang_english\post.gif --> ftp.members.lycos.co.uk /forums/templates/Appalachia/images/lang_english post.gif
2002.08.24 11:25 B C:\Drew\phpBB-2.0.2\forums\templates\Appalachia\images\lang_english\reply-locked.gif --> ftp.members.lycos.co.uk /forums/templates/Appalachia/images/lang_english reply-locked.gif
2002.08.24 11:25 B C:\Drew\phpBB-2.0.2\forums\templates\Appalachia\images\lang_english\reply.gif --> ftp.members.lycos.co.uk /forums/templates/Appalachia/images/lang_english reply.gif
2002.08.24 11:25 B C:\Drew\phpBB-2.0.2\forums\templates\Appalachia\images\lang_english\WS_FTP.LOG --> ftp.members.lycos.co.uk /forums/templates/Appalachia/images/lang_english WS_FTP.LOG
2002.09.19 19:18 B C:\Drew\phpBB\Forum Software\phpBB-2.0.2\forums\templates\Appalachia\images\lang_english\icon_aim.gif --> ftp.members.lycos.co.uk /forums/templates/Appalachia/images/lang_english icon_aim.gif
2002.09.19 19:18 B C:\Drew\phpBB\Forum Software\phpBB-2.0.2\forums\templates\Appalachia\images\lang_english\icon_edit.gif --> ftp.members.lycos.co.uk /forums/templates/Appalachia/images/lang_english icon_edit.gif
2002.09.19 19:18 B C:\Drew\phpBB\Forum Software\phpBB-2.0.2\forums\templates\Appalachia\images\lang_english\icon_email.gif --> ftp.members.lycos.co.uk /forums/templates/Appalachia/images/lang_english icon_email.gif
2002.09.19 19:18 B C:\Drew\phpBB\Forum Software\phpBB-2.0.2\forums\templates\Appalachia\images\lang_english\icon_icq_add.gif --> ftp.members.lycos.co.uk /forums/templates/Appalachia/images/lang_english icon_icq_add.gif
2002.09.19 19:18 B C:\Drew\phpBB\Forum Software\phpBB-2.0.2\forums\templates\Appalachia\images\lang_english\icon_ip.gif --> ftp.members.lycos.co.uk /forums/templates/Appalachia/images/lang_english icon_ip.gif
2002.09.19 19:18 B C:\Drew\phpBB\Forum Software\phpBB-2.0.2\forums\templates\Appalachia\images\lang_english\icon_msnm.gif --> ftp.members.lycos.co.uk /forums/templates/Appalachia/images/lang_english icon_msnm.gif
2002.09.19 19:18 B C:\Drew\phpBB\Forum Software\phpBB-2.0.2\forums\templates\Appalachia\images\lang_english\icon_pm.gif --> ftp.members.lycos.co.uk /forums/templates/Appalachia/images/lang_english icon_pm.gif
2002.09.19 19:18 B C:\Drew\phpBB\Forum Software\phpBB-2.0.2\forums\templates\Appalachia\images\lang_english\icon_profile.gif --> ftp.members.lycos.co.uk /forums/templates/Appalachia/images/lang_english icon_profile.gif
2002.09.19 19:18 B C:\Drew\phpBB\Forum Software\phpBB-2.0.2\forums\templates\Appalachia\images\lang_english\icon_quote.gif --> ftp.members.lycos.co.uk /forums/templates/Appalachia/images/lang_english icon_quote.gif
2002.09.19 19:18 B C:\Drew\phpBB\Forum Software\phpBB-2.0.2\forums\templates\Appalachia\images\lang_english\icon_search.gif --> ftp.members.lycos.co.uk /forums/templates/Appalachia/images/lang_english icon_search.gif
2002.09.19 19:18 B C:\Drew\phpBB\Forum Software\phpBB-2.0.2\forums\templates\Appalachia\images\lang_english\icon_www.gif --> ftp.members.lycos.co.uk /forums/templates/Appalachia/images/lang_english icon_www.gif
2002.09.19 19:18 B C:\Drew\phpBB\Forum Software\phpBB-2.0.2\forums\templates\Appalachia\images\lang_english\icon_yim.gif --> ftp.members.lycos.co.uk /forums/templates/Appalachia/images/lang_english icon_yim.gif
2002.09.19 19:18 B C:\Drew\phpBB\Forum Software\phpBB-2.0.2\forums\templates\Appalachia\images\lang_english\msg_newpost.gif --> ftp.members.lycos.co.uk /forums/templates/Appalachia/images/lang_english msg_newpost.gif
2002.09.19 19:18 B C:\Drew\phpBB\Forum Software\phpBB-2.0.2\forums\templates\Appalachia\images\lang_english\post.gif --> ftp.members.lycos.co.uk /forums/templates/Appalachia/images/lang_english post.gif
2002.09.19 19:18 B C:\Drew\phpBB\Forum Software\phpBB-2.0.2\forums\templates\Appalachia\images\lang_english\reply-locked.gif --> ftp.members.lycos.co.uk /forums/templates/Appalachia/images/lang_english reply-locked.gif
2002.09.19 19:18 B C:\Drew\phpBB\Forum Software\phpBB-2.0.2\forums\templates\Appalachia\images\lang_english\reply.gif --> ftp.members.lycos.co.uk /forums/templates/Appalachia/images/lang_english reply.gif
2002.09.19 19:18 B C:\Drew\phpBB\Forum Software\phpBB-2.0.2\forums\templates\Appalachia\images\lang_english\WS_FTP.LOG --> ftp.members.lycos.co.uk /forums/templates/Appalachia/images/lang_english WS_FTP.LOG
2002.10.08 10:44 B C:\Documents and Settings\Drew Chapman\My Documents\My Stuff\phpBB\Themes\Appalachia\images\lang_english\WS_FTP.LOG <-- Microsoft /phpBB2/templates/Appalachia/images/lang_english WS_FTP.LOG
