2002.08.24 10:06 B C:\Drew\phpBB-2.0.2\forums\templates\Appalachia\images\cellpic.gif --> black-cell.com /var/www/html/droshisisland/forums/templates/Appalachia/images cellpic.gif
2002.08.24 10:06 B C:\Drew\phpBB-2.0.2\forums\templates\Appalachia\images\cellpic1.gif --> black-cell.com /var/www/html/droshisisland/forums/templates/Appalachia/images cellpic1.gif
2002.08.24 10:06 B C:\Drew\phpBB-2.0.2\forums\templates\Appalachia\images\cellpic2.jpg --> black-cell.com /var/www/html/droshisisland/forums/templates/Appalachia/images cellpic2.jpg
2002.08.24 10:06 B C:\Drew\phpBB-2.0.2\forums\templates\Appalachia\images\cellpic3.gif --> black-cell.com /var/www/html/droshisisland/forums/templates/Appalachia/images cellpic3.gif
2002.08.24 10:06 B C:\Drew\phpBB-2.0.2\forums\templates\Appalachia\images\created_by.jpg --> black-cell.com /var/www/html/droshisisland/forums/templates/Appalachia/images created_by.jpg
2002.08.24 10:06 B C:\Drew\phpBB-2.0.2\forums\templates\Appalachia\images\folder.gif --> black-cell.com /var/www/html/droshisisland/forums/templates/Appalachia/images folder.gif
2002.08.24 10:06 B C:\Drew\phpBB-2.0.2\forums\templates\Appalachia\images\folder_announce.gif --> black-cell.com /var/www/html/droshisisland/forums/templates/Appalachia/images folder_announce.gif
2002.08.24 10:06 B C:\Drew\phpBB-2.0.2\forums\templates\Appalachia\images\folder_announce_new.gif --> black-cell.com /var/www/html/droshisisland/forums/templates/Appalachia/images folder_announce_new.gif
2002.08.24 10:06 B C:\Drew\phpBB-2.0.2\forums\templates\Appalachia\images\folder_big.gif --> black-cell.com /var/www/html/droshisisland/forums/templates/Appalachia/images folder_big.gif
2002.08.24 10:06 B C:\Drew\phpBB-2.0.2\forums\templates\Appalachia\images\folder_hot.gif --> black-cell.com /var/www/html/droshisisland/forums/templates/Appalachia/images folder_hot.gif
2002.08.24 10:06 B C:\Drew\phpBB-2.0.2\forums\templates\Appalachia\images\folder_lock.gif --> black-cell.com /var/www/html/droshisisland/forums/templates/Appalachia/images folder_lock.gif
2002.08.24 10:06 B C:\Drew\phpBB-2.0.2\forums\templates\Appalachia\images\folder_lock_new.gif --> black-cell.com /var/www/html/droshisisland/forums/templates/Appalachia/images folder_lock_new.gif
2002.08.24 10:06 B C:\Drew\phpBB-2.0.2\forums\templates\Appalachia\images\folder_locked_big.gif --> black-cell.com /var/www/html/droshisisland/forums/templates/Appalachia/images folder_locked_big.gif
2002.08.24 10:06 B C:\Drew\phpBB-2.0.2\forums\templates\Appalachia\images\folder_new.gif --> black-cell.com /var/www/html/droshisisland/forums/templates/Appalachia/images folder_new.gif
2002.08.24 10:06 B C:\Drew\phpBB-2.0.2\forums\templates\Appalachia\images\folder_new_big.gif --> black-cell.com /var/www/html/droshisisland/forums/templates/Appalachia/images folder_new_big.gif
2002.08.24 10:06 B C:\Drew\phpBB-2.0.2\forums\templates\Appalachia\images\folder_new_hot.gif --> black-cell.com /var/www/html/droshisisland/forums/templates/Appalachia/images folder_new_hot.gif
2002.08.24 10:06 B C:\Drew\phpBB-2.0.2\forums\templates\Appalachia\images\folder_sticky.gif --> black-cell.com /var/www/html/droshisisland/forums/templates/Appalachia/images folder_sticky.gif
2002.08.24 10:06 B C:\Drew\phpBB-2.0.2\forums\templates\Appalachia\images\folder_sticky_new.gif --> black-cell.com /var/www/html/droshisisland/forums/templates/Appalachia/images folder_sticky_new.gif
2002.08.24 10:06 B C:\Drew\phpBB-2.0.2\forums\templates\Appalachia\images\icon_delete.gif --> black-cell.com /var/www/html/droshisisland/forums/templates/Appalachia/images icon_delete.gif
2002.08.24 10:06 B C:\Drew\phpBB-2.0.2\forums\templates\Appalachia\images\icon_latest_reply.gif --> black-cell.com /var/www/html/droshisisland/forums/templates/Appalachia/images icon_latest_reply.gif
2002.08.24 10:06 B C:\Drew\phpBB-2.0.2\forums\templates\Appalachia\images\icon_mini_faq.gif --> black-cell.com /var/www/html/droshisisland/forums/templates/Appalachia/images icon_mini_faq.gif
2002.08.24 10:06 B C:\Drew\phpBB-2.0.2\forums\templates\Appalachia\images\icon_mini_groups.gif --> black-cell.com /var/www/html/droshisisland/forums/templates/Appalachia/images icon_mini_groups.gif
2002.08.24 10:06 B C:\Drew\phpBB-2.0.2\forums\templates\Appalachia\images\icon_mini_login.gif --> black-cell.com /var/www/html/droshisisland/forums/templates/Appalachia/images icon_mini_login.gif
2002.08.24 10:06 B C:\Drew\phpBB-2.0.2\forums\templates\Appalachia\images\icon_mini_members.gif --> black-cell.com /var/www/html/droshisisland/forums/templates/Appalachia/images icon_mini_members.gif
2002.08.24 10:06 B C:\Drew\phpBB-2.0.2\forums\templates\Appalachia\images\icon_mini_message.gif --> black-cell.com /var/www/html/droshisisland/forums/templates/Appalachia/images icon_mini_message.gif
2002.08.24 10:06 B C:\Drew\phpBB-2.0.2\forums\templates\Appalachia\images\icon_mini_profile.gif --> black-cell.com /var/www/html/droshisisland/forums/templates/Appalachia/images icon_mini_profile.gif
2002.08.24 10:06 B C:\Drew\phpBB-2.0.2\forums\templates\Appalachia\images\icon_mini_register.gif --> black-cell.com /var/www/html/droshisisland/forums/templates/Appalachia/images icon_mini_register.gif
2002.08.24 10:06 B C:\Drew\phpBB-2.0.2\forums\templates\Appalachia\images\icon_mini_search.gif --> black-cell.com /var/www/html/droshisisland/forums/templates/Appalachia/images icon_mini_search.gif
2002.08.24 10:06 B C:\Drew\phpBB-2.0.2\forums\templates\Appalachia\images\icon_minipost.gif --> black-cell.com /var/www/html/droshisisland/forums/templates/Appalachia/images icon_minipost.gif
2002.08.24 10:06 B C:\Drew\phpBB-2.0.2\forums\templates\Appalachia\images\icon_minipost_new.gif --> black-cell.com /var/www/html/droshisisland/forums/templates/Appalachia/images icon_minipost_new.gif
2002.08.24 10:06 B C:\Drew\phpBB-2.0.2\forums\templates\Appalachia\images\icon_newest_reply.gif --> black-cell.com /var/www/html/droshisisland/forums/templates/Appalachia/images icon_newest_reply.gif
2002.08.24 10:06 B C:\Drew\phpBB-2.0.2\forums\templates\Appalachia\images\index.htm --> black-cell.com /var/www/html/droshisisland/forums/templates/Appalachia/images index.htm
2002.08.24 10:06 B C:\Drew\phpBB-2.0.2\forums\templates\Appalachia\images\logo_phpBB.gif --> black-cell.com /var/www/html/droshisisland/forums/templates/Appalachia/images logo_phpBB.gif
2002.08.24 10:06 B C:\Drew\phpBB-2.0.2\forums\templates\Appalachia\images\logo_phpBB_med.gif --> black-cell.com /var/www/html/droshisisland/forums/templates/Appalachia/images logo_phpBB_med.gif
2002.08.24 10:06 B C:\Drew\phpBB-2.0.2\forums\templates\Appalachia\images\msg_inbox.gif --> black-cell.com /var/www/html/droshisisland/forums/templates/Appalachia/images msg_inbox.gif
2002.08.24 10:06 B C:\Drew\phpBB-2.0.2\forums\templates\Appalachia\images\msg_outbox.gif --> black-cell.com /var/www/html/droshisisland/forums/templates/Appalachia/images msg_outbox.gif
2002.08.24 10:07 B C:\Drew\phpBB-2.0.2\forums\templates\Appalachia\images\msg_savebox.gif --> black-cell.com /var/www/html/droshisisland/forums/templates/Appalachia/images msg_savebox.gif
2002.08.24 10:07 B C:\Drew\phpBB-2.0.2\forums\templates\Appalachia\images\msg_sentbox.gif --> black-cell.com /var/www/html/droshisisland/forums/templates/Appalachia/images msg_sentbox.gif
2002.08.24 10:07 B C:\Drew\phpBB-2.0.2\forums\templates\Appalachia\images\spacer.gif --> black-cell.com /var/www/html/droshisisland/forums/templates/Appalachia/images spacer.gif
2002.08.24 10:07 B C:\Drew\phpBB-2.0.2\forums\templates\Appalachia\images\topic_delete.gif --> black-cell.com /var/www/html/droshisisland/forums/templates/Appalachia/images topic_delete.gif
2002.08.24 10:07 B C:\Drew\phpBB-2.0.2\forums\templates\Appalachia\images\topic_lock.gif --> black-cell.com /var/www/html/droshisisland/forums/templates/Appalachia/images topic_lock.gif
2002.08.24 10:07 B C:\Drew\phpBB-2.0.2\forums\templates\Appalachia\images\topic_move.gif --> black-cell.com /var/www/html/droshisisland/forums/templates/Appalachia/images topic_move.gif
2002.08.24 10:07 B C:\Drew\phpBB-2.0.2\forums\templates\Appalachia\images\topic_split.gif --> black-cell.com /var/www/html/droshisisland/forums/templates/Appalachia/images topic_split.gif
2002.08.24 10:07 B C:\Drew\phpBB-2.0.2\forums\templates\Appalachia\images\topic_unlock.gif --> black-cell.com /var/www/html/droshisisland/forums/templates/Appalachia/images topic_unlock.gif
2002.08.24 10:07 B C:\Drew\phpBB-2.0.2\forums\templates\Appalachia\images\vote_lcap.gif --> black-cell.com /var/www/html/droshisisland/forums/templates/Appalachia/images vote_lcap.gif
2002.08.24 10:07 B C:\Drew\phpBB-2.0.2\forums\templates\Appalachia\images\vote_rcap.gif --> black-cell.com /var/www/html/droshisisland/forums/templates/Appalachia/images vote_rcap.gif
2002.08.24 10:07 B C:\Drew\phpBB-2.0.2\forums\templates\Appalachia\images\voting_bar.gif --> black-cell.com /var/www/html/droshisisland/forums/templates/Appalachia/images voting_bar.gif
2002.08.24 10:07 B C:\Drew\phpBB-2.0.2\forums\templates\Appalachia\images\whosonline.gif --> black-cell.com /var/www/html/droshisisland/forums/templates/Appalachia/images whosonline.gif
2002.08.24 11:25 B C:\Drew\phpBB-2.0.2\forums\templates\Appalachia\images\cellpic.gif --> ftp.members.lycos.co.uk /forums/templates/Appalachia/images cellpic.gif
2002.08.24 11:25 B C:\Drew\phpBB-2.0.2\forums\templates\Appalachia\images\cellpic1.gif --> ftp.members.lycos.co.uk /forums/templates/Appalachia/images cellpic1.gif
2002.08.24 11:25 B C:\Drew\phpBB-2.0.2\forums\templates\Appalachia\images\cellpic2.jpg --> ftp.members.lycos.co.uk /forums/templates/Appalachia/images cellpic2.jpg
2002.08.24 11:25 B C:\Drew\phpBB-2.0.2\forums\templates\Appalachia\images\cellpic3.gif --> ftp.members.lycos.co.uk /forums/templates/Appalachia/images cellpic3.gif
2002.08.24 11:25 B C:\Drew\phpBB-2.0.2\forums\templates\Appalachia\images\created_by.jpg --> ftp.members.lycos.co.uk /forums/templates/Appalachia/images created_by.jpg
2002.08.24 11:25 B C:\Drew\phpBB-2.0.2\forums\templates\Appalachia\images\folder.gif --> ftp.members.lycos.co.uk /forums/templates/Appalachia/images folder.gif
2002.08.24 11:25 B C:\Drew\phpBB-2.0.2\forums\templates\Appalachia\images\folder_announce.gif --> ftp.members.lycos.co.uk /forums/templates/Appalachia/images folder_announce.gif
2002.08.24 11:25 B C:\Drew\phpBB-2.0.2\forums\templates\Appalachia\images\folder_announce_new.gif --> ftp.members.lycos.co.uk /forums/templates/Appalachia/images folder_announce_new.gif
2002.08.24 11:26 B C:\Drew\phpBB-2.0.2\forums\templates\Appalachia\images\folder_big.gif --> ftp.members.lycos.co.uk /forums/templates/Appalachia/images folder_big.gif
2002.08.24 11:26 B C:\Drew\phpBB-2.0.2\forums\templates\Appalachia\images\folder_hot.gif --> ftp.members.lycos.co.uk /forums/templates/Appalachia/images folder_hot.gif
2002.08.24 11:26 B C:\Drew\phpBB-2.0.2\forums\templates\Appalachia\images\folder_lock.gif --> ftp.members.lycos.co.uk /forums/templates/Appalachia/images folder_lock.gif
2002.08.24 11:26 B C:\Drew\phpBB-2.0.2\forums\templates\Appalachia\images\folder_lock_new.gif --> ftp.members.lycos.co.uk /forums/templates/Appalachia/images folder_lock_new.gif
2002.08.24 11:26 B C:\Drew\phpBB-2.0.2\forums\templates\Appalachia\images\folder_locked_big.gif --> ftp.members.lycos.co.uk /forums/templates/Appalachia/images folder_locked_big.gif
2002.08.24 11:26 B C:\Drew\phpBB-2.0.2\forums\templates\Appalachia\images\folder_new.gif --> ftp.members.lycos.co.uk /forums/templates/Appalachia/images folder_new.gif
2002.08.24 11:26 B C:\Drew\phpBB-2.0.2\forums\templates\Appalachia\images\folder_new_big.gif --> ftp.members.lycos.co.uk /forums/templates/Appalachia/images folder_new_big.gif
2002.08.24 11:26 B C:\Drew\phpBB-2.0.2\forums\templates\Appalachia\images\folder_new_hot.gif --> ftp.members.lycos.co.uk /forums/templates/Appalachia/images folder_new_hot.gif
2002.08.24 11:26 B C:\Drew\phpBB-2.0.2\forums\templates\Appalachia\images\folder_sticky.gif --> ftp.members.lycos.co.uk /forums/templates/Appalachia/images folder_sticky.gif
2002.08.24 11:26 B C:\Drew\phpBB-2.0.2\forums\templates\Appalachia\images\folder_sticky_new.gif --> ftp.members.lycos.co.uk /forums/templates/Appalachia/images folder_sticky_new.gif
2002.08.24 11:26 B C:\Drew\phpBB-2.0.2\forums\templates\Appalachia\images\icon_delete.gif --> ftp.members.lycos.co.uk /forums/templates/Appalachia/images icon_delete.gif
2002.08.24 11:26 B C:\Drew\phpBB-2.0.2\forums\templates\Appalachia\images\icon_latest_reply.gif --> ftp.members.lycos.co.uk /forums/templates/Appalachia/images icon_latest_reply.gif
2002.08.24 11:26 B C:\Drew\phpBB-2.0.2\forums\templates\Appalachia\images\icon_mini_faq.gif --> ftp.members.lycos.co.uk /forums/templates/Appalachia/images icon_mini_faq.gif
2002.08.24 11:26 B C:\Drew\phpBB-2.0.2\forums\templates\Appalachia\images\icon_mini_groups.gif --> ftp.members.lycos.co.uk /forums/templates/Appalachia/images icon_mini_groups.gif
2002.08.24 11:26 B C:\Drew\phpBB-2.0.2\forums\templates\Appalachia\images\icon_mini_login.gif --> ftp.members.lycos.co.uk /forums/templates/Appalachia/images icon_mini_login.gif
2002.08.24 11:26 B C:\Drew\phpBB-2.0.2\forums\templates\Appalachia\images\icon_mini_members.gif --> ftp.members.lycos.co.uk /forums/templates/Appalachia/images icon_mini_members.gif
2002.08.24 11:26 B C:\Drew\phpBB-2.0.2\forums\templates\Appalachia\images\icon_mini_message.gif --> ftp.members.lycos.co.uk /forums/templates/Appalachia/images icon_mini_message.gif
2002.08.24 11:26 B C:\Drew\phpBB-2.0.2\forums\templates\Appalachia\images\icon_mini_profile.gif --> ftp.members.lycos.co.uk /forums/templates/Appalachia/images icon_mini_profile.gif
2002.08.24 11:26 B C:\Drew\phpBB-2.0.2\forums\templates\Appalachia\images\icon_mini_register.gif --> ftp.members.lycos.co.uk /forums/templates/Appalachia/images icon_mini_register.gif
2002.08.24 11:26 B C:\Drew\phpBB-2.0.2\forums\templates\Appalachia\images\icon_mini_search.gif --> ftp.members.lycos.co.uk /forums/templates/Appalachia/images icon_mini_search.gif
2002.08.24 11:26 B C:\Drew\phpBB-2.0.2\forums\templates\Appalachia\images\icon_minipost.gif --> ftp.members.lycos.co.uk /forums/templates/Appalachia/images icon_minipost.gif
2002.08.24 11:26 B C:\Drew\phpBB-2.0.2\forums\templates\Appalachia\images\icon_minipost_new.gif --> ftp.members.lycos.co.uk /forums/templates/Appalachia/images icon_minipost_new.gif
2002.08.24 11:26 B C:\Drew\phpBB-2.0.2\forums\templates\Appalachia\images\icon_newest_reply.gif --> ftp.members.lycos.co.uk /forums/templates/Appalachia/images icon_newest_reply.gif
2002.08.24 11:26 B C:\Drew\phpBB-2.0.2\forums\templates\Appalachia\images\index.htm --> ftp.members.lycos.co.uk /forums/templates/Appalachia/images index.htm
2002.08.24 11:26 B C:\Drew\phpBB-2.0.2\forums\templates\Appalachia\images\logo_phpBB.gif --> ftp.members.lycos.co.uk /forums/templates/Appalachia/images logo_phpBB.gif
2002.08.24 11:26 B C:\Drew\phpBB-2.0.2\forums\templates\Appalachia\images\logo_phpBB_med.gif --> ftp.members.lycos.co.uk /forums/templates/Appalachia/images logo_phpBB_med.gif
2002.08.24 11:26 B C:\Drew\phpBB-2.0.2\forums\templates\Appalachia\images\msg_inbox.gif --> ftp.members.lycos.co.uk /forums/templates/Appalachia/images msg_inbox.gif
2002.08.24 11:26 B C:\Drew\phpBB-2.0.2\forums\templates\Appalachia\images\msg_outbox.gif --> ftp.members.lycos.co.uk /forums/templates/Appalachia/images msg_outbox.gif
2002.08.24 11:26 B C:\Drew\phpBB-2.0.2\forums\templates\Appalachia\images\msg_savebox.gif --> ftp.members.lycos.co.uk /forums/templates/Appalachia/images msg_savebox.gif
2002.08.24 11:26 B C:\Drew\phpBB-2.0.2\forums\templates\Appalachia\images\msg_sentbox.gif --> ftp.members.lycos.co.uk /forums/templates/Appalachia/images msg_sentbox.gif
2002.08.24 11:26 B C:\Drew\phpBB-2.0.2\forums\templates\Appalachia\images\spacer.gif --> ftp.members.lycos.co.uk /forums/templates/Appalachia/images spacer.gif
2002.08.24 11:26 B C:\Drew\phpBB-2.0.2\forums\templates\Appalachia\images\topic_delete.gif --> ftp.members.lycos.co.uk /forums/templates/Appalachia/images topic_delete.gif
2002.08.24 11:27 B C:\Drew\phpBB-2.0.2\forums\templates\Appalachia\images\topic_lock.gif --> ftp.members.lycos.co.uk /forums/templates/Appalachia/images topic_lock.gif
2002.08.24 11:27 B C:\Drew\phpBB-2.0.2\forums\templates\Appalachia\images\topic_move.gif --> ftp.members.lycos.co.uk /forums/templates/Appalachia/images topic_move.gif
2002.08.24 11:27 B C:\Drew\phpBB-2.0.2\forums\templates\Appalachia\images\topic_split.gif --> ftp.members.lycos.co.uk /forums/templates/Appalachia/images topic_split.gif
2002.08.24 11:27 B C:\Drew\phpBB-2.0.2\forums\templates\Appalachia\images\topic_unlock.gif --> ftp.members.lycos.co.uk /forums/templates/Appalachia/images topic_unlock.gif
2002.08.24 11:27 B C:\Drew\phpBB-2.0.2\forums\templates\Appalachia\images\vote_lcap.gif --> ftp.members.lycos.co.uk /forums/templates/Appalachia/images vote_lcap.gif
2002.08.24 11:27 B C:\Drew\phpBB-2.0.2\forums\templates\Appalachia\images\vote_rcap.gif --> ftp.members.lycos.co.uk /forums/templates/Appalachia/images vote_rcap.gif
2002.08.24 11:27 B C:\Drew\phpBB-2.0.2\forums\templates\Appalachia\images\voting_bar.gif --> ftp.members.lycos.co.uk /forums/templates/Appalachia/images voting_bar.gif
2002.08.24 11:27 B C:\Drew\phpBB-2.0.2\forums\templates\Appalachia\images\whosonline.gif --> ftp.members.lycos.co.uk /forums/templates/Appalachia/images whosonline.gif
2002.08.24 11:27 B C:\Drew\phpBB-2.0.2\forums\templates\Appalachia\images\WS_FTP.LOG --> ftp.members.lycos.co.uk /forums/templates/Appalachia/images WS_FTP.LOG
2002.09.19 19:19 B C:\Drew\phpBB\Forum Software\phpBB-2.0.2\forums\templates\Appalachia\images\cellpic.gif --> ftp.members.lycos.co.uk /forums/templates/Appalachia/images cellpic.gif
2002.09.19 19:19 B C:\Drew\phpBB\Forum Software\phpBB-2.0.2\forums\templates\Appalachia\images\cellpic1.gif --> ftp.members.lycos.co.uk /forums/templates/Appalachia/images cellpic1.gif
2002.09.19 19:19 B C:\Drew\phpBB\Forum Software\phpBB-2.0.2\forums\templates\Appalachia\images\cellpic2.jpg --> ftp.members.lycos.co.uk /forums/templates/Appalachia/images cellpic2.jpg
2002.09.19 19:19 B C:\Drew\phpBB\Forum Software\phpBB-2.0.2\forums\templates\Appalachia\images\cellpic3.gif --> ftp.members.lycos.co.uk /forums/templates/Appalachia/images cellpic3.gif
2002.09.19 19:19 B C:\Drew\phpBB\Forum Software\phpBB-2.0.2\forums\templates\Appalachia\images\created_by.jpg --> ftp.members.lycos.co.uk /forums/templates/Appalachia/images created_by.jpg
2002.09.19 19:19 B C:\Drew\phpBB\Forum Software\phpBB-2.0.2\forums\templates\Appalachia\images\folder.gif --> ftp.members.lycos.co.uk /forums/templates/Appalachia/images folder.gif
2002.09.19 19:19 B C:\Drew\phpBB\Forum Software\phpBB-2.0.2\forums\templates\Appalachia\images\folder_announce.gif --> ftp.members.lycos.co.uk /forums/templates/Appalachia/images folder_announce.gif
2002.09.19 19:19 B C:\Drew\phpBB\Forum Software\phpBB-2.0.2\forums\templates\Appalachia\images\folder_announce_new.gif --> ftp.members.lycos.co.uk /forums/templates/Appalachia/images folder_announce_new.gif
2002.09.19 19:19 B C:\Drew\phpBB\Forum Software\phpBB-2.0.2\forums\templates\Appalachia\images\folder_big.gif --> ftp.members.lycos.co.uk /forums/templates/Appalachia/images folder_big.gif
2002.09.19 19:19 B C:\Drew\phpBB\Forum Software\phpBB-2.0.2\forums\templates\Appalachia\images\folder_hot.gif --> ftp.members.lycos.co.uk /forums/templates/Appalachia/images folder_hot.gif
2002.09.19 19:19 B C:\Drew\phpBB\Forum Software\phpBB-2.0.2\forums\templates\Appalachia\images\folder_lock.gif --> ftp.members.lycos.co.uk /forums/templates/Appalachia/images folder_lock.gif
2002.09.19 19:19 B C:\Drew\phpBB\Forum Software\phpBB-2.0.2\forums\templates\Appalachia\images\folder_lock_new.gif --> ftp.members.lycos.co.uk /forums/templates/Appalachia/images folder_lock_new.gif
2002.09.19 19:19 B C:\Drew\phpBB\Forum Software\phpBB-2.0.2\forums\templates\Appalachia\images\folder_locked_big.gif --> ftp.members.lycos.co.uk /forums/templates/Appalachia/images folder_locked_big.gif
2002.09.19 19:19 B C:\Drew\phpBB\Forum Software\phpBB-2.0.2\forums\templates\Appalachia\images\folder_new.gif --> ftp.members.lycos.co.uk /forums/templates/Appalachia/images folder_new.gif
2002.09.19 19:19 B C:\Drew\phpBB\Forum Software\phpBB-2.0.2\forums\templates\Appalachia\images\folder_new_big.gif --> ftp.members.lycos.co.uk /forums/templates/Appalachia/images folder_new_big.gif
2002.09.19 19:19 B C:\Drew\phpBB\Forum Software\phpBB-2.0.2\forums\templates\Appalachia\images\folder_new_hot.gif --> ftp.members.lycos.co.uk /forums/templates/Appalachia/images folder_new_hot.gif
2002.09.19 19:19 B C:\Drew\phpBB\Forum Software\phpBB-2.0.2\forums\templates\Appalachia\images\folder_sticky.gif --> ftp.members.lycos.co.uk /forums/templates/Appalachia/images folder_sticky.gif
2002.09.19 19:19 B C:\Drew\phpBB\Forum Software\phpBB-2.0.2\forums\templates\Appalachia\images\folder_sticky_new.gif --> ftp.members.lycos.co.uk /forums/templates/Appalachia/images folder_sticky_new.gif
2002.09.19 19:19 B C:\Drew\phpBB\Forum Software\phpBB-2.0.2\forums\templates\Appalachia\images\icon_delete.gif --> ftp.members.lycos.co.uk /forums/templates/Appalachia/images icon_delete.gif
2002.09.19 19:19 B C:\Drew\phpBB\Forum Software\phpBB-2.0.2\forums\templates\Appalachia\images\icon_latest_reply.gif --> ftp.members.lycos.co.uk /forums/templates/Appalachia/images icon_latest_reply.gif
2002.09.19 19:19 B C:\Drew\phpBB\Forum Software\phpBB-2.0.2\forums\templates\Appalachia\images\icon_mini_faq.gif --> ftp.members.lycos.co.uk /forums/templates/Appalachia/images icon_mini_faq.gif
2002.09.19 19:19 B C:\Drew\phpBB\Forum Software\phpBB-2.0.2\forums\templates\Appalachia\images\icon_mini_groups.gif --> ftp.members.lycos.co.uk /forums/templates/Appalachia/images icon_mini_groups.gif
2002.09.19 19:19 B C:\Drew\phpBB\Forum Software\phpBB-2.0.2\forums\templates\Appalachia\images\icon_mini_login.gif --> ftp.members.lycos.co.uk /forums/templates/Appalachia/images icon_mini_login.gif
2002.09.19 19:19 B C:\Drew\phpBB\Forum Software\phpBB-2.0.2\forums\templates\Appalachia\images\icon_mini_members.gif --> ftp.members.lycos.co.uk /forums/templates/Appalachia/images icon_mini_members.gif
2002.09.19 19:19 B C:\Drew\phpBB\Forum Software\phpBB-2.0.2\forums\templates\Appalachia\images\icon_mini_message.gif --> ftp.members.lycos.co.uk /forums/templates/Appalachia/images icon_mini_message.gif
2002.09.19 19:20 B C:\Drew\phpBB\Forum Software\phpBB-2.0.2\forums\templates\Appalachia\images\icon_mini_profile.gif --> ftp.members.lycos.co.uk /forums/templates/Appalachia/images icon_mini_profile.gif
2002.09.19 19:20 B C:\Drew\phpBB\Forum Software\phpBB-2.0.2\forums\templates\Appalachia\images\icon_mini_register.gif --> ftp.members.lycos.co.uk /forums/templates/Appalachia/images icon_mini_register.gif
2002.09.19 19:20 B C:\Drew\phpBB\Forum Software\phpBB-2.0.2\forums\templates\Appalachia\images\icon_mini_search.gif --> ftp.members.lycos.co.uk /forums/templates/Appalachia/images icon_mini_search.gif
2002.09.19 19:20 B C:\Drew\phpBB\Forum Software\phpBB-2.0.2\forums\templates\Appalachia\images\icon_minipost.gif --> ftp.members.lycos.co.uk /forums/templates/Appalachia/images icon_minipost.gif
2002.09.19 19:20 B C:\Drew\phpBB\Forum Software\phpBB-2.0.2\forums\templates\Appalachia\images\icon_minipost_new.gif --> ftp.members.lycos.co.uk /forums/templates/Appalachia/images icon_minipost_new.gif
2002.09.19 19:20 B C:\Drew\phpBB\Forum Software\phpBB-2.0.2\forums\templates\Appalachia\images\icon_newest_reply.gif --> ftp.members.lycos.co.uk /forums/templates/Appalachia/images icon_newest_reply.gif
2002.09.19 19:20 B C:\Drew\phpBB\Forum Software\phpBB-2.0.2\forums\templates\Appalachia\images\index.htm --> ftp.members.lycos.co.uk /forums/templates/Appalachia/images index.htm
2002.09.19 19:20 B C:\Drew\phpBB\Forum Software\phpBB-2.0.2\forums\templates\Appalachia\images\logo_phpBB.gif --> ftp.members.lycos.co.uk /forums/templates/Appalachia/images logo_phpBB.gif
2002.09.19 19:20 B C:\Drew\phpBB\Forum Software\phpBB-2.0.2\forums\templates\Appalachia\images\logo_phpBB_med.gif --> ftp.members.lycos.co.uk /forums/templates/Appalachia/images logo_phpBB_med.gif
2002.09.19 19:20 B C:\Drew\phpBB\Forum Software\phpBB-2.0.2\forums\templates\Appalachia\images\msg_inbox.gif --> ftp.members.lycos.co.uk /forums/templates/Appalachia/images msg_inbox.gif
2002.09.19 19:20 B C:\Drew\phpBB\Forum Software\phpBB-2.0.2\forums\templates\Appalachia\images\msg_outbox.gif --> ftp.members.lycos.co.uk /forums/templates/Appalachia/images msg_outbox.gif
2002.09.19 19:20 B C:\Drew\phpBB\Forum Software\phpBB-2.0.2\forums\templates\Appalachia\images\msg_savebox.gif --> ftp.members.lycos.co.uk /forums/templates/Appalachia/images msg_savebox.gif
2002.09.19 19:20 B C:\Drew\phpBB\Forum Software\phpBB-2.0.2\forums\templates\Appalachia\images\msg_sentbox.gif --> ftp.members.lycos.co.uk /forums/templates/Appalachia/images msg_sentbox.gif
2002.09.19 19:20 B C:\Drew\phpBB\Forum Software\phpBB-2.0.2\forums\templates\Appalachia\images\spacer.gif --> ftp.members.lycos.co.uk /forums/templates/Appalachia/images spacer.gif
2002.09.19 19:20 B C:\Drew\phpBB\Forum Software\phpBB-2.0.2\forums\templates\Appalachia\images\topic_delete.gif --> ftp.members.lycos.co.uk /forums/templates/Appalachia/images topic_delete.gif
2002.09.19 19:20 B C:\Drew\phpBB\Forum Software\phpBB-2.0.2\forums\templates\Appalachia\images\topic_lock.gif --> ftp.members.lycos.co.uk /forums/templates/Appalachia/images topic_lock.gif
2002.09.19 19:20 B C:\Drew\phpBB\Forum Software\phpBB-2.0.2\forums\templates\Appalachia\images\topic_move.gif --> ftp.members.lycos.co.uk /forums/templates/Appalachia/images topic_move.gif
2002.09.19 19:20 B C:\Drew\phpBB\Forum Software\phpBB-2.0.2\forums\templates\Appalachia\images\topic_split.gif --> ftp.members.lycos.co.uk /forums/templates/Appalachia/images topic_split.gif
2002.09.19 19:20 B C:\Drew\phpBB\Forum Software\phpBB-2.0.2\forums\templates\Appalachia\images\topic_unlock.gif --> ftp.members.lycos.co.uk /forums/templates/Appalachia/images topic_unlock.gif
2002.09.19 19:20 B C:\Drew\phpBB\Forum Software\phpBB-2.0.2\forums\templates\Appalachia\images\vote_lcap.gif --> ftp.members.lycos.co.uk /forums/templates/Appalachia/images vote_lcap.gif
2002.09.19 19:20 B C:\Drew\phpBB\Forum Software\phpBB-2.0.2\forums\templates\Appalachia\images\vote_rcap.gif --> ftp.members.lycos.co.uk /forums/templates/Appalachia/images vote_rcap.gif
2002.09.19 19:20 B C:\Drew\phpBB\Forum Software\phpBB-2.0.2\forums\templates\Appalachia\images\voting_bar.gif --> ftp.members.lycos.co.uk /forums/templates/Appalachia/images voting_bar.gif
2002.09.19 19:20 B C:\Drew\phpBB\Forum Software\phpBB-2.0.2\forums\templates\Appalachia\images\whosonline.gif --> ftp.members.lycos.co.uk /forums/templates/Appalachia/images whosonline.gif
2002.09.19 19:20 B C:\Drew\phpBB\Forum Software\phpBB-2.0.2\forums\templates\Appalachia\images\WS_FTP.LOG --> ftp.members.lycos.co.uk /forums/templates/Appalachia/images WS_FTP.LOG
2002.09.27 18:02 B C:\Drew\phpBB\Forum Software\phpBB-2.0.2\phpBB2\templates\Appalachia\images\cellpic.gif --> ftp.members.lycos.co.uk /phpBB2/templates/Appalachia/images cellpic.gif
2002.10.08 10:48 B C:\Documents and Settings\Drew Chapman\My Documents\My Stuff\phpBB\Themes\Appalachia\images\WS_FTP.LOG <-- Microsoft /phpBB2/templates/Appalachia/images WS_FTP.LOG
